[0m21:04:43.822100 [debug] [MainThread]: Sending event: {'category': 'dbt', 'action': 'invocation', 'label': 'start', 'context': [<snowplow_tracker.self_describing_json.SelfDescribingJson object at 0x1114f6fd0>, <snowplow_tracker.self_describing_json.SelfDescribingJson object at 0x111854dd0>, <snowplow_tracker.self_describing_json.SelfDescribingJson object at 0x1118559d0>]}


============================== 21:04:43.823897 | bfa8f59f-c1ef-40a5-86cf-bc7b8acfc3e6 ==============================
[0m21:04:43.823897 [info ] [MainThread]: Running with dbt=1.10.1
[0m21:04:43.824170 [debug] [MainThread]: running dbt with arguments {'printer_width': '80', 'indirect_selection': 'eager', 'write_json': 'True', 'log_cache_events': 'False', 'partial_parse': 'True', 'cache_selected_only': 'False', 'warn_error': 'None', 'fail_fast': 'False', 'debug': 'False', 'log_path': 'logs', 'version_check': 'True', 'profiles_dir': '/Users/hkubilayc/.dbt', 'use_colors': 'True', 'use_experimental_parser': 'False', 'no_print': 'None', 'quiet': 'False', 'empty': 'None', 'warn_error_options': 'WarnErrorOptionsV2(error=[], warn=[], silence=[])', 'introspect': 'True', 'static_parser': 'True', 'invocation_command': 'dbt init analytics', 'target_path': 'None', 'log_format': 'default', 'send_anonymous_usage_stats': 'True'}
[0m21:04:43.829078 [info ] [MainThread]: Creating dbt configuration folder at /Users/hkubilayc/.dbt
[0m21:04:43.830144 [debug] [MainThread]: Starter project path: /Users/hkubilayc/anaconda3/lib/python3.11/site-packages/dbt/include/starter_project
[0m21:04:43.832892 [info ] [MainThread]: 
Your new dbt project "analytics" was created!

For more information on how to configure the profiles.yml file,
please consult the dbt documentation here:

  https://docs.getdbt.com/docs/configure-your-profile

One more thing:

Need help? Don't hesitate to reach out to us via GitHub issues or on Slack:

  https://community.getdbt.com/

Happy modeling!

[0m21:04:43.833089 [info ] [MainThread]: Setting up your profile.
[0m21:06:43.018469 [info ] [MainThread]: Profile analytics written to /Users/hkubilayc/.dbt/profiles.yml using target's profile_template.yml and your supplied values. Run 'dbt debug' to validate the connection.
[0m21:06:43.035385 [debug] [MainThread]: Resource report: {"command_name": "init", "command_success": true, "command_wall_clock_time": 119.24505, "process_in_blocks": "0", "process_kernel_time": 3.478262, "process_mem_max_rss": "197394432", "process_out_blocks": "0", "process_user_time": 1.719054}
[0m21:06:43.036158 [debug] [MainThread]: Command `dbt init` succeeded at 21:06:43.036068 after 119.25 seconds
[0m21:06:43.036507 [debug] [MainThread]: Sending event: {'category': 'dbt', 'action': 'invocation', 'label': 'end', 'context': [<snowplow_tracker.self_describing_json.SelfDescribingJson object at 0x111855950>, <snowplow_tracker.self_describing_json.SelfDescribingJson object at 0x11183a150>, <snowplow_tracker.self_describing_json.SelfDescribingJson object at 0x1112fbb50>]}
[0m21:06:43.036861 [debug] [MainThread]: Flushing usage events
[0m21:06:43.557925 [debug] [MainThread]: An error was encountered while trying to flush usage events
[0m21:08:55.478994 [debug] [MainThread]: Sending event: {'category': 'dbt', 'action': 'invocation', 'label': 'start', 'context': [<snowplow_tracker.self_describing_json.SelfDescribingJson object at 0x1132029d0>, <snowplow_tracker.self_describing_json.SelfDescribingJson object at 0x113232b10>, <snowplow_tracker.self_describing_json.SelfDescribingJson object at 0x1131e5810>]}


============================== 21:08:55.480939 | f2fb4b3b-cdfe-4954-a4f7-15bc1fadff9d ==============================
[0m21:08:55.480939 [info ] [MainThread]: Running with dbt=1.10.1
[0m21:08:55.481236 [debug] [MainThread]: running dbt with arguments {'printer_width': '80', 'indirect_selection': 'eager', 'write_json': 'True', 'log_cache_events': 'False', 'partial_parse': 'True', 'cache_selected_only': 'False', 'warn_error': 'None', 'version_check': 'True', 'profiles_dir': '/Users/hkubilayc/.dbt', 'log_path': 'logs', 'fail_fast': 'False', 'debug': 'False', 'use_colors': 'True', 'use_experimental_parser': 'False', 'empty': 'None', 'quiet': 'False', 'no_print': 'None', 'warn_error_options': 'WarnErrorOptionsV2(error=[], warn=[], silence=[])', 'static_parser': 'True', 'invocation_command': 'dbt init', 'introspect': 'True', 'target_path': 'None', 'log_format': 'default', 'send_anonymous_usage_stats': 'True'}
[0m21:12:51.837800 [debug] [MainThread]: Starter project path: /Users/hkubilayc/anaconda3/lib/python3.11/site-packages/dbt/include/starter_project
[0m21:12:51.850467 [info ] [MainThread]: 
Your new dbt project "analytics" was created!

For more information on how to configure the profiles.yml file,
please consult the dbt documentation here:

  https://docs.getdbt.com/docs/configure-your-profile

One more thing:

Need help? Don't hesitate to reach out to us via GitHub issues or on Slack:

  https://community.getdbt.com/

Happy modeling!

[0m21:12:51.850901 [info ] [MainThread]: Setting up your profile.
[0m21:15:04.279737 [info ] [MainThread]: Profile analytics written to /Users/hkubilayc/.dbt/profiles.yml using target's profile_template.yml and your supplied values. Run 'dbt debug' to validate the connection.
[0m21:15:04.285658 [debug] [MainThread]: Resource report: {"command_name": "init", "command_success": true, "command_wall_clock_time": 368.83755, "process_in_blocks": "0", "process_kernel_time": 3.815449, "process_mem_max_rss": "194461696", "process_out_blocks": "0", "process_user_time": 1.17453}
[0m21:15:04.286387 [debug] [MainThread]: Command `dbt init` succeeded at 21:15:04.286308 after 368.84 seconds
[0m21:15:04.286769 [debug] [MainThread]: Sending event: {'category': 'dbt', 'action': 'invocation', 'label': 'end', 'context': [<snowplow_tracker.self_describing_json.SelfDescribingJson object at 0x11324cf90>, <snowplow_tracker.self_describing_json.SelfDescribingJson object at 0x1130b7650>, <snowplow_tracker.self_describing_json.SelfDescribingJson object at 0x105779410>]}
[0m21:15:04.287257 [debug] [MainThread]: Flushing usage events
[0m21:15:04.832073 [debug] [MainThread]: An error was encountered while trying to flush usage events
